<?xml version="1.0" encoding="UTF-8"?>
<testng-results ignored="0" total="2" passed="2" failed="0" skipped="0">
  <reporter-output>
  </reporter-output>
  <suite started-at="2023-08-19T00:17:56 IST" name="Default suite" finished-at="2023-08-19T00:19:07 IST" duration-ms="70266">
    <groups>
    </groups>
    <test started-at="2023-08-19T00:17:56 IST" name="Default test" finished-at="2023-08-19T00:19:07 IST" duration-ms="70266">
      <class name="demo.TestNgzDemo">
        <test-method is-config="true" signature="launch()[pri:0, instance:demo.TestNgzDemo@6574a52c]" started-at="2023-08-19T00:17:57 IST" name="launch" finished-at="2023-08-19T00:18:24 IST" duration-ms="27187" status="PASS">
          <reporter-output>
          </reporter-output>
        </test-method> <!-- launch -->
        <test-method signature="search()[pri:0, instance:demo.TestNgzDemo@6574a52c]" started-at="2023-08-19T00:18:24 IST" name="search" finished-at="2023-08-19T00:18:48 IST" duration-ms="24569" status="PASS">
          <reporter-output>
          </reporter-output>
        </test-method> <!-- search -->
        <test-method is-config="true" signature="closeBrowser()[pri:0, instance:demo.TestNgzDemo@6574a52c]" started-at="2023-08-19T00:18:48 IST" name="closeBrowser" finished-at="2023-08-19T00:18:49 IST" duration-ms="269" status="PASS">
          <reporter-output>
          </reporter-output>
        </test-method> <!-- closeBrowser -->
        <test-method is-config="true" signature="launch()[pri:0, instance:demo.TestNgzDemo@6574a52c]" started-at="2023-08-19T00:18:49 IST" name="launch" finished-at="2023-08-19T00:19:06 IST" duration-ms="17765" status="PASS">
          <reporter-output>
          </reporter-output>
        </test-method> <!-- launch -->
        <test-method signature="search2()[pri:0, instance:demo.TestNgzDemo@6574a52c]" started-at="2023-08-19T00:19:06 IST" name="search2" finished-at="2023-08-19T00:19:06 IST" duration-ms="9" status="PASS">
          <reporter-output>
          </reporter-output>
        </test-method> <!-- search2 -->
        <test-method is-config="true" signature="closeBrowser()[pri:0, instance:demo.TestNgzDemo@6574a52c]" started-at="2023-08-19T00:19:06 IST" name="closeBrowser" finished-at="2023-08-19T00:19:07 IST" duration-ms="206" status="PASS">
          <reporter-output>
          </reporter-output>
        </test-method> <!-- closeBrowser -->
      </class> <!-- demo.TestNgzDemo -->
    </test> <!-- Default test -->
  </suite> <!-- Default suite -->
</testng-results>
